<?xml version="1.0" encoding="UTF-8"?>
<!-- Generated by org.testng.reporters.JUnitReportReporter -->
<testsuite hostname="DESKTOP-GAHG36H" failures="0" tests="1" name="testcases.LoginAndLogout" time="19.060" errors="0" timestamp="2023-02-04T16:22:33 AEDT" skipped="0">
  <testcase classname="testcases.LoginAndLogout" name="runLogin" time="19.060"/>
  <system-out/>
</testsuite> <!-- testcases.LoginAndLogout -->
